<?xml version="1.0" encoding="UTF-8"?>
<testsuite name="NewSeleniumTest" tests="2" skipped="0" failures="0" errors="0" timestamp="2024-11-24T16:57:26" hostname="LAPTOP-B3NMR3FK" time="86.708">
  <properties/>
  <testcase name="CanCall()" classname="NewSeleniumTest" time="43.066"/>
  <testcase name="OpenSiteTest()" classname="NewSeleniumTest" time="43.638"/>
  <system-out><![CDATA[]]></system-out>
  <system-err><![CDATA[]]></system-err>
</testsuite>
